2021-08-14 14:42:21,473 INFO org.springframework.boot.test.context.SpringBootTestContextBootstrapper [main] Neither @ContextConfiguration nor @ContextHierarchy found for test class [com.example.demo.ChallengeApiApplicationTests], using SpringBootContextLoader
2021-08-14 14:42:30,371 INFO org.springframework.test.context.support.AbstractContextLoader [main] Could not detect default resource locations for test class [com.example.demo.ChallengeApiApplicationTests]: no resource found for suffixes {-context.xml, Context.groovy}.
2021-08-14 14:42:30,490 INFO org.springframework.test.context.support.AnnotationConfigContextLoaderUtils [main] Could not detect default configuration classes for test class [com.example.demo.ChallengeApiApplicationTests]: ChallengeApiApplicationTests does not declare any static, non-private, non-final, nested classes annotated with @Configuration.
2021-08-14 14:42:39,331 INFO org.springframework.boot.test.context.SpringBootTestContextBootstrapper [main] Found @SpringBootConfiguration com.example.demo.ChallengeApiApplication for test class com.example.demo.ChallengeApiApplicationTests
2021-08-14 14:42:43,334 INFO org.springframework.boot.test.context.SpringBootTestContextBootstrapper [main] Loaded default TestExecutionListener class names from location [META-INF/spring.factories]: [org.springframework.boot.test.mock.mockito.MockitoTestExecutionListener, org.springframework.boot.test.mock.mockito.ResetMocksTestExecutionListener, org.springframework.boot.test.autoconfigure.restdocs.RestDocsTestExecutionListener, org.springframework.boot.test.autoconfigure.web.client.MockRestServiceServerResetTestExecutionListener, org.springframework.boot.test.autoconfigure.web.servlet.MockMvcPrintOnlyOnFailureTestExecutionListener, org.springframework.boot.test.autoconfigure.web.servlet.WebDriverTestExecutionListener, org.springframework.test.context.web.ServletTestExecutionListener, org.springframework.test.context.support.DirtiesContextBeforeModesTestExecutionListener, org.springframework.test.context.support.DependencyInjectionTestExecutionListener, org.springframework.test.context.support.DirtiesContextTestExecutionListener, org.springframework.test.context.transaction.TransactionalTestExecutionListener, org.springframework.test.context.jdbc.SqlScriptsTestExecutionListener, org.springframework.test.context.event.EventPublishingTestExecutionListener]
2021-08-14 14:42:44,655 INFO org.springframework.boot.test.context.SpringBootTestContextBootstrapper [main] Using TestExecutionListeners: [org.springframework.test.context.web.ServletTestExecutionListener@1b58ff9e, org.springframework.test.context.support.DirtiesContextBeforeModesTestExecutionListener@2f66e802, org.springframework.boot.test.mock.mockito.MockitoTestExecutionListener@56b78e55, org.springframework.boot.test.autoconfigure.SpringBootDependencyInjectionTestExecutionListener@76318a7d, org.springframework.test.context.support.DirtiesContextTestExecutionListener@2a492f2a, org.springframework.test.context.transaction.TransactionalTestExecutionListener@3277e499, org.springframework.test.context.jdbc.SqlScriptsTestExecutionListener@585811a4, org.springframework.test.context.event.EventPublishingTestExecutionListener@22c01ab0, org.springframework.boot.test.mock.mockito.ResetMocksTestExecutionListener@411341bd, org.springframework.boot.test.autoconfigure.restdocs.RestDocsTestExecutionListener@4c4d362a, org.springframework.boot.test.autoconfigure.web.client.MockRestServiceServerResetTestExecutionListener@5400db36, org.springframework.boot.test.autoconfigure.web.servlet.MockMvcPrintOnlyOnFailureTestExecutionListener@76b74e9c, org.springframework.boot.test.autoconfigure.web.servlet.WebDriverTestExecutionListener@2d72f75e]
2021-08-14 14:43:03,129 INFO com.example.demo.ChallengeApiApplicationTests [main] No active profile set, falling back to default profiles: default
2021-08-14 14:43:21,669 INFO org.springframework.data.repository.config.RepositoryConfigurationDelegate [main] Bootstrapping Spring Data JPA repositories in DEFAULT mode.
2021-08-14 14:43:27,160 INFO org.springframework.data.repository.config.RepositoryConfigurationDelegate [main] Finished Spring Data repository scanning in 5343ms. Found 3 JPA repository interfaces.
2021-08-14 14:43:35,659 INFO org.springframework.cloud.context.scope.GenericScope [main] BeanFactory id=53774fdc-730b-3cdd-b565-2a4e482440b8
2021-08-14 14:43:42,352 INFO org.springframework.context.support.PostProcessorRegistrationDelegate$BeanPostProcessorChecker [main] Bean 'com.example.demo.client.CPFClient' of type [org.springframework.cloud.openfeign.FeignClientFactoryBean] is not eligible for getting processed by all BeanPostProcessors (for example: not eligible for auto-proxying)
2021-08-14 14:43:43,807 INFO org.springframework.context.support.PostProcessorRegistrationDelegate$BeanPostProcessorChecker [main] Bean 'org.springframework.transaction.annotation.ProxyTransactionManagementConfiguration' of type [org.springframework.transaction.annotation.ProxyTransactionManagementConfiguration] is not eligible for getting processed by all BeanPostProcessors (for example: not eligible for auto-proxying)
2021-08-14 14:43:50,663 INFO org.hibernate.jpa.internal.util.LogHelper [main] HHH000204: Processing PersistenceUnitInfo [name: default]
2021-08-14 14:43:56,752 INFO org.hibernate.Version [main] HHH000412: Hibernate Core {5.4.10.Final}
2021-08-14 14:44:14,608 INFO org.hibernate.annotations.common.Version [main] HCANN000001: Hibernate Commons Annotations {5.1.0.Final}
2021-08-14 14:44:42,064 INFO com.zaxxer.hikari.HikariDataSource [main] HikariPool-1 - Starting...
2021-08-14 14:44:48,077 INFO com.zaxxer.hikari.HikariDataSource [main] HikariPool-1 - Start completed.
2021-08-14 14:44:50,157 INFO org.hibernate.dialect.Dialect [main] HHH000400: Using dialect: org.hibernate.dialect.H2Dialect
2021-08-14 14:45:18,279 INFO org.hibernate.tool.schema.internal.SchemaCreatorImpl [main] HHH000476: Executing import script 'file:/C:/Users/larif/Documents/GitHub/challenge-api/target/classes/import.sql'
2021-08-14 14:45:18,284 INFO org.hibernate.engine.transaction.jta.platform.internal.JtaPlatformInitiator [main] HHH000490: Using JtaPlatform implementation: [org.hibernate.engine.transaction.jta.platform.internal.NoJtaPlatform]
2021-08-14 14:45:18,661 INFO org.springframework.orm.jpa.LocalContainerEntityManagerFactoryBean [main] Initialized JPA EntityManagerFactory for persistence unit 'default'
2021-08-14 14:45:34,211 WARN org.springframework.boot.autoconfigure.orm.jpa.JpaBaseConfiguration$JpaWebConfiguration [main] spring.jpa.open-in-view is enabled by default. Therefore, database queries may be performed during view rendering. Explicitly configure spring.jpa.open-in-view to disable this warning
2021-08-14 14:45:44,965 WARN org.springframework.cloud.netflix.archaius.ArchaiusAutoConfiguration [main] No spring.application.name found, defaulting to 'application'
2021-08-14 14:45:45,496 WARN com.netflix.config.sources.URLConfigurationSource [main] No URLs will be polled as dynamic configuration sources.
2021-08-14 14:45:45,497 INFO com.netflix.config.sources.URLConfigurationSource [main] To enable URLs as dynamic configuration sources, define System property archaius.configurationSource.additionalUrls or make config.properties available on classpath.
2021-08-14 14:45:45,915 WARN com.netflix.config.sources.URLConfigurationSource [main] No URLs will be polled as dynamic configuration sources.
2021-08-14 14:45:45,915 INFO com.netflix.config.sources.URLConfigurationSource [main] To enable URLs as dynamic configuration sources, define System property archaius.configurationSource.additionalUrls or make config.properties available on classpath.
2021-08-14 14:45:47,676 INFO org.springframework.scheduling.concurrent.ThreadPoolTaskExecutor [main] Initializing ExecutorService 'applicationTaskExecutor'
2021-08-14 14:45:52,168 WARN org.springframework.boot.autoconfigure.thymeleaf.ThymeleafAutoConfiguration$DefaultTemplateResolverConfiguration [main] Cannot find template location: classpath:/templates/ (please add some templates or check your Thymeleaf configuration)
2021-08-14 14:45:54,161 INFO org.springframework.boot.autoconfigure.h2.H2ConsoleAutoConfiguration [main] H2 console available at '/h2'. Database available at 'jdbc:h2:file:~/challenge'
2021-08-14 14:45:58,539 INFO com.example.demo.ChallengeApiApplicationTests [main] Started ChallengeApiApplicationTests in 191.052 seconds (JVM running for 260.921)
2021-08-14 14:46:15,728 INFO com.example.demo.service.VoteVotingService [main] Vote successfully counted.
2021-08-14 14:46:15,873 INFO com.example.demo.service.SessionOpenService [main] Session opened successfully.
2021-08-14 14:46:15,877 INFO com.example.demo.service.SessionOpenService [main] Session opened successfully.
2021-08-14 14:46:15,892 INFO com.example.demo.service.VoteResultService [main] Voting result calculated successfully.
2021-08-14 14:46:15,902 INFO com.example.demo.service.AgendaAddService [main] Agenda created successfully.
2021-08-14 14:46:15,950 INFO org.springframework.scheduling.concurrent.ThreadPoolTaskExecutor [SpringContextShutdownHook] Shutting down ExecutorService 'applicationTaskExecutor'
2021-08-14 14:46:15,963 INFO org.springframework.orm.jpa.LocalContainerEntityManagerFactoryBean [SpringContextShutdownHook] Closing JPA EntityManagerFactory for persistence unit 'default'
2021-08-14 14:46:15,965 INFO org.hibernate.tool.schema.internal.SchemaDropperImpl$DelayedDropActionImpl [SpringContextShutdownHook] HHH000477: Starting delayed evictData of schema as part of SessionFactory shut-down'
2021-08-14 14:46:28,332 INFO com.zaxxer.hikari.HikariDataSource [SpringContextShutdownHook] HikariPool-1 - Shutdown initiated...
2021-08-14 14:46:28,908 INFO com.zaxxer.hikari.HikariDataSource [SpringContextShutdownHook] HikariPool-1 - Shutdown completed.
2021-08-14 14:49:08,563 INFO org.springframework.boot.devtools.restart.ChangeableUrls [restartedMain] The Class-Path manifest attribute in C:\Users\larif\.m2\repository\org\glassfish\jaxb\jaxb-runtime\2.3.2\jaxb-runtime-2.3.2.jar referenced one or more files that do not exist: file:/C:/Users/larif/.m2/repository/org/glassfish/jaxb/jaxb-runtime/2.3.2/jakarta.xml.bind-api-2.3.2.jar,file:/C:/Users/larif/.m2/repository/org/glassfish/jaxb/jaxb-runtime/2.3.2/txw2-2.3.2.jar,file:/C:/Users/larif/.m2/repository/org/glassfish/jaxb/jaxb-runtime/2.3.2/istack-commons-runtime-3.0.8.jar,file:/C:/Users/larif/.m2/repository/org/glassfish/jaxb/jaxb-runtime/2.3.2/stax-ex-1.8.1.jar,file:/C:/Users/larif/.m2/repository/org/glassfish/jaxb/jaxb-runtime/2.3.2/FastInfoset-1.2.16.jar,file:/C:/Users/larif/.m2/repository/org/glassfish/jaxb/jaxb-runtime/2.3.2/jakarta.activation-api-1.2.1.jar
2021-08-14 14:49:08,566 INFO org.springframework.boot.devtools.env.DevToolsPropertyDefaultsPostProcessor [restartedMain] Devtools property defaults active! Set 'spring.devtools.add-properties' to 'false' to disable
2021-08-14 14:49:09,473 INFO com.example.demo.ChallengeApiApplication [restartedMain] No active profile set, falling back to default profiles: default
2021-08-14 14:49:11,082 INFO org.springframework.data.repository.config.RepositoryConfigurationDelegate [restartedMain] Bootstrapping Spring Data JPA repositories in DEFAULT mode.
2021-08-14 14:49:11,216 INFO org.springframework.data.repository.config.RepositoryConfigurationDelegate [restartedMain] Finished Spring Data repository scanning in 122ms. Found 3 JPA repository interfaces.
2021-08-14 14:49:11,772 INFO org.springframework.cloud.context.scope.GenericScope [restartedMain] BeanFactory id=5c96c57c-2c11-3df4-a1b3-5bf00eef1793
2021-08-14 14:49:12,132 INFO org.springframework.context.support.PostProcessorRegistrationDelegate$BeanPostProcessorChecker [restartedMain] Bean 'org.springframework.transaction.annotation.ProxyTransactionManagementConfiguration' of type [org.springframework.transaction.annotation.ProxyTransactionManagementConfiguration] is not eligible for getting processed by all BeanPostProcessors (for example: not eligible for auto-proxying)
2021-08-14 14:49:16,146 INFO org.springframework.boot.web.embedded.tomcat.TomcatWebServer [restartedMain] Tomcat initialized with port(s): 8080 (http)
2021-08-14 14:49:17,600 INFO org.apache.coyote.http11.Http11NioProtocol [restartedMain] Initializing ProtocolHandler ["http-nio-8080"]
2021-08-14 14:49:17,603 INFO org.apache.catalina.core.StandardService [restartedMain] Starting service [Tomcat]
2021-08-14 14:49:17,604 INFO org.apache.catalina.core.StandardEngine [restartedMain] Starting Servlet engine: [Apache Tomcat/9.0.30]
2021-08-14 14:49:19,215 INFO org.apache.catalina.core.ContainerBase.[Tomcat].[localhost].[/] [restartedMain] Initializing Spring embedded WebApplicationContext
2021-08-14 14:49:19,215 INFO org.springframework.web.context.ContextLoader [restartedMain] Root WebApplicationContext: initialization completed in 9712 ms
2021-08-14 14:49:19,294 INFO com.zaxxer.hikari.HikariDataSource [restartedMain] HikariPool-1 - Starting...
2021-08-14 14:49:19,559 INFO com.zaxxer.hikari.HikariDataSource [restartedMain] HikariPool-1 - Start completed.
2021-08-14 14:49:19,569 INFO org.springframework.boot.autoconfigure.h2.H2ConsoleAutoConfiguration [restartedMain] H2 console available at '/h2'. Database available at 'jdbc:h2:file:~/challenge'
2021-08-14 14:49:20,113 INFO org.hibernate.jpa.internal.util.LogHelper [restartedMain] HHH000204: Processing PersistenceUnitInfo [name: default]
2021-08-14 14:49:20,220 INFO org.hibernate.Version [restartedMain] HHH000412: Hibernate Core {5.4.10.Final}
2021-08-14 14:49:20,459 INFO org.hibernate.annotations.common.Version [restartedMain] HCANN000001: Hibernate Commons Annotations {5.1.0.Final}
2021-08-14 14:49:20,690 INFO org.hibernate.dialect.Dialect [restartedMain] HHH000400: Using dialect: org.hibernate.dialect.H2Dialect
2021-08-14 14:49:21,701 INFO org.hibernate.tool.schema.internal.SchemaCreatorImpl [restartedMain] HHH000476: Executing import script 'file:/C:/Users/larif/Documents/GitHub/challenge-api/target/classes/import.sql'
2021-08-14 14:49:21,706 INFO org.hibernate.engine.transaction.jta.platform.internal.JtaPlatformInitiator [restartedMain] HHH000490: Using JtaPlatform implementation: [org.hibernate.engine.transaction.jta.platform.internal.NoJtaPlatform]
2021-08-14 14:49:21,715 INFO org.springframework.orm.jpa.LocalContainerEntityManagerFactoryBean [restartedMain] Initialized JPA EntityManagerFactory for persistence unit 'default'
2021-08-14 14:49:21,907 INFO org.springframework.boot.devtools.autoconfigure.OptionalLiveReloadServer [restartedMain] LiveReload server is running on port 35729
2021-08-14 14:49:22,907 WARN org.springframework.boot.autoconfigure.orm.jpa.JpaBaseConfiguration$JpaWebConfiguration [restartedMain] spring.jpa.open-in-view is enabled by default. Therefore, database queries may be performed during view rendering. Explicitly configure spring.jpa.open-in-view to disable this warning
2021-08-14 14:49:23,626 WARN org.springframework.cloud.netflix.archaius.ArchaiusAutoConfiguration [restartedMain] No spring.application.name found, defaulting to 'application'
2021-08-14 14:49:23,632 WARN com.netflix.config.sources.URLConfigurationSource [restartedMain] No URLs will be polled as dynamic configuration sources.
2021-08-14 14:49:23,632 INFO com.netflix.config.sources.URLConfigurationSource [restartedMain] To enable URLs as dynamic configuration sources, define System property archaius.configurationSource.additionalUrls or make config.properties available on classpath.
2021-08-14 14:49:23,643 WARN com.netflix.config.sources.URLConfigurationSource [restartedMain] No URLs will be polled as dynamic configuration sources.
2021-08-14 14:49:23,643 INFO com.netflix.config.sources.URLConfigurationSource [restartedMain] To enable URLs as dynamic configuration sources, define System property archaius.configurationSource.additionalUrls or make config.properties available on classpath.
2021-08-14 14:49:23,823 INFO org.springframework.scheduling.concurrent.ThreadPoolTaskExecutor [restartedMain] Initializing ExecutorService 'applicationTaskExecutor'
2021-08-14 14:49:23,979 WARN org.springframework.boot.autoconfigure.thymeleaf.ThymeleafAutoConfiguration$DefaultTemplateResolverConfiguration [restartedMain] Cannot find template location: classpath:/templates/ (please add some templates or check your Thymeleaf configuration)
2021-08-14 14:49:25,398 INFO org.apache.coyote.http11.Http11NioProtocol [restartedMain] Starting ProtocolHandler ["http-nio-8080"]
2021-08-14 14:49:26,010 INFO org.springframework.boot.web.embedded.tomcat.TomcatWebServer [restartedMain] Tomcat started on port(s): 8080 (http) with context path ''
2021-08-14 14:49:26,229 INFO com.example.demo.ChallengeApiApplication [restartedMain] Started ChallengeApiApplication in 18.681 seconds (JVM running for 25.383)
2021-08-14 14:51:44,027 INFO org.apache.catalina.core.ContainerBase.[Tomcat].[localhost].[/] [http-nio-8080-exec-2] Initializing Spring DispatcherServlet 'dispatcherServlet'
2021-08-14 14:51:44,027 INFO org.springframework.web.servlet.DispatcherServlet [http-nio-8080-exec-2] Initializing Servlet 'dispatcherServlet'
2021-08-14 14:51:44,059 INFO org.springframework.web.servlet.DispatcherServlet [http-nio-8080-exec-2] Completed initialization in 32 ms
2021-08-14 14:51:44,656 INFO com.example.demo.service.AgendaAddService [http-nio-8080-exec-2] Agenda created successfully.
2021-08-14 14:52:09,789 INFO com.example.demo.service.SessionOpenService [http-nio-8080-exec-3] Session opened successfully.
2021-08-14 14:52:27,262 INFO com.example.demo.service.SessionOpenService [http-nio-8080-exec-4] Session opened successfully.
2021-08-14 14:52:52,714 ERROR com.example.demo.config.ChallengeExceptionConfig [http-nio-8080-exec-5] Associate cannot vote.
2021-08-14 14:52:52,724 WARN org.springframework.web.servlet.mvc.method.annotation.ExceptionHandlerExceptionResolver [http-nio-8080-exec-5] Resolved [ChallengeException(message=Associate cannot vote.)]
2021-08-14 14:52:55,859 INFO com.example.demo.service.VoteVotingService [http-nio-8080-exec-7] Vote successfully counted.
2021-08-14 14:53:04,739 ERROR com.example.demo.config.ChallengeExceptionConfig [http-nio-8080-exec-8] Associate's vote already counted.
2021-08-14 14:53:04,741 WARN org.springframework.web.servlet.mvc.method.annotation.ExceptionHandlerExceptionResolver [http-nio-8080-exec-8] Resolved [ChallengeException(message=Associate's vote already counted.)]
2021-08-14 14:53:17,951 ERROR com.example.demo.config.ChallengeExceptionConfig [http-nio-8080-exec-10] Voting session is still open.
2021-08-14 14:53:17,954 WARN org.springframework.web.servlet.mvc.method.annotation.ExceptionHandlerExceptionResolver [http-nio-8080-exec-10] Resolved [ChallengeException(message=Voting session is still open.)]
2021-08-14 14:53:54,810 ERROR com.example.demo.config.ChallengeExceptionConfig [http-nio-8080-exec-2] Voting session is still open.
2021-08-14 14:53:54,812 WARN org.springframework.web.servlet.mvc.method.annotation.ExceptionHandlerExceptionResolver [http-nio-8080-exec-2] Resolved [ChallengeException(message=Voting session is still open.)]
2021-08-14 14:54:10,319 ERROR com.example.demo.config.ChallengeExceptionConfig [http-nio-8080-exec-4] Voting session is still open.
2021-08-14 14:54:10,499 WARN org.springframework.web.servlet.mvc.method.annotation.ExceptionHandlerExceptionResolver [http-nio-8080-exec-4] Resolved [ChallengeException(message=Voting session is still open.)]
2021-08-14 14:54:25,411 ERROR com.example.demo.config.ChallengeExceptionConfig [http-nio-8080-exec-6] Voting session is still open.
2021-08-14 14:54:25,413 WARN org.springframework.web.servlet.mvc.method.annotation.ExceptionHandlerExceptionResolver [http-nio-8080-exec-6] Resolved [ChallengeException(message=Voting session is still open.)]
2021-08-14 14:54:33,856 ERROR com.example.demo.config.ChallengeExceptionConfig [http-nio-8080-exec-8] Voting session is still open.
2021-08-14 14:54:50,387 WARN org.springframework.web.servlet.mvc.method.annotation.ExceptionHandlerExceptionResolver [http-nio-8080-exec-8] Resolved [ChallengeException(message=Voting session is still open.)]
2021-08-14 14:55:15,266 ERROR com.example.demo.config.ChallengeExceptionConfig [http-nio-8080-exec-10] Voting session is still open.
2021-08-14 14:55:15,268 WARN org.springframework.web.servlet.mvc.method.annotation.ExceptionHandlerExceptionResolver [http-nio-8080-exec-10] Resolved [ChallengeException(message=Voting session is still open.)]
2021-08-14 14:55:22,125 ERROR com.example.demo.config.ChallengeExceptionConfig [http-nio-8080-exec-2] Voting session is still open.
2021-08-14 14:55:22,127 WARN org.springframework.web.servlet.mvc.method.annotation.ExceptionHandlerExceptionResolver [http-nio-8080-exec-2] Resolved [ChallengeException(message=Voting session is still open.)]
2021-08-14 14:55:30,758 INFO com.example.demo.service.VoteResultService [http-nio-8080-exec-4] Voting result calculated successfully.
2021-08-14 15:21:31,916 INFO com.example.demo.service.VoteResultService [http-nio-8080-exec-7] Voting result calculated successfully.
2021-08-14 15:42:36,618 ERROR com.example.demo.config.ChallengeExceptionConfig [http-nio-8080-exec-10] Voting session closed.
2021-08-14 15:42:36,621 WARN org.springframework.web.servlet.mvc.method.annotation.ExceptionHandlerExceptionResolver [http-nio-8080-exec-10] Resolved [ChallengeException(message=Voting session closed.)]
2021-08-14 15:48:11,257 INFO org.springframework.boot.admin.SpringApplicationAdminMXBeanRegistrar$SpringApplicationAdmin [RMI TCP Connection(78)-127.0.0.1] Application shutdown requested.
2021-08-14 15:48:11,270 INFO org.springframework.scheduling.concurrent.ThreadPoolTaskExecutor [RMI TCP Connection(78)-127.0.0.1] Shutting down ExecutorService 'applicationTaskExecutor'
2021-08-14 15:48:11,284 INFO org.springframework.orm.jpa.LocalContainerEntityManagerFactoryBean [RMI TCP Connection(78)-127.0.0.1] Closing JPA EntityManagerFactory for persistence unit 'default'
2021-08-14 15:48:11,287 INFO org.hibernate.tool.schema.internal.SchemaDropperImpl$DelayedDropActionImpl [RMI TCP Connection(78)-127.0.0.1] HHH000477: Starting delayed evictData of schema as part of SessionFactory shut-down'
2021-08-14 15:48:12,141 INFO com.zaxxer.hikari.HikariDataSource [RMI TCP Connection(78)-127.0.0.1] HikariPool-1 - Shutdown initiated...
2021-08-14 15:48:13,119 INFO com.zaxxer.hikari.HikariDataSource [RMI TCP Connection(78)-127.0.0.1] HikariPool-1 - Shutdown completed.
2021-08-14 15:48:13,121 INFO org.apache.coyote.http11.Http11NioProtocol [RMI TCP Connection(78)-127.0.0.1] Pausing ProtocolHandler ["http-nio-8080"]
2021-08-14 15:48:13,152 INFO org.apache.catalina.core.StandardService [RMI TCP Connection(78)-127.0.0.1] Stopping service [Tomcat]
2021-08-14 15:48:13,542 INFO org.apache.catalina.core.ContainerBase.[Tomcat].[localhost].[/] [RMI TCP Connection(78)-127.0.0.1] Destroying Spring FrameworkServlet 'dispatcherServlet'
2021-08-14 15:48:13,638 INFO org.apache.coyote.http11.Http11NioProtocol [RMI TCP Connection(78)-127.0.0.1] Stopping ProtocolHandler ["http-nio-8080"]
2021-08-14 15:48:13,644 INFO org.apache.coyote.http11.Http11NioProtocol [RMI TCP Connection(78)-127.0.0.1] Destroying ProtocolHandler ["http-nio-8080"]
2021-08-14 15:56:26,186 INFO org.springframework.boot.devtools.restart.ChangeableUrls [restartedMain] The Class-Path manifest attribute in C:\Users\larif\.m2\repository\org\glassfish\jaxb\jaxb-runtime\2.3.2\jaxb-runtime-2.3.2.jar referenced one or more files that do not exist: file:/C:/Users/larif/.m2/repository/org/glassfish/jaxb/jaxb-runtime/2.3.2/jakarta.xml.bind-api-2.3.2.jar,file:/C:/Users/larif/.m2/repository/org/glassfish/jaxb/jaxb-runtime/2.3.2/txw2-2.3.2.jar,file:/C:/Users/larif/.m2/repository/org/glassfish/jaxb/jaxb-runtime/2.3.2/istack-commons-runtime-3.0.8.jar,file:/C:/Users/larif/.m2/repository/org/glassfish/jaxb/jaxb-runtime/2.3.2/stax-ex-1.8.1.jar,file:/C:/Users/larif/.m2/repository/org/glassfish/jaxb/jaxb-runtime/2.3.2/FastInfoset-1.2.16.jar,file:/C:/Users/larif/.m2/repository/org/glassfish/jaxb/jaxb-runtime/2.3.2/jakarta.activation-api-1.2.1.jar
2021-08-14 15:56:26,190 INFO org.springframework.boot.devtools.env.DevToolsPropertyDefaultsPostProcessor [restartedMain] Devtools property defaults active! Set 'spring.devtools.add-properties' to 'false' to disable
2021-08-14 15:56:27,342 INFO com.example.demo.ChallengeApiApplication [restartedMain] No active profile set, falling back to default profiles: default
2021-08-14 15:56:45,327 INFO org.springframework.data.repository.config.RepositoryConfigurationDelegate [restartedMain] Bootstrapping Spring Data JPA repositories in DEFAULT mode.
2021-08-14 15:56:46,377 INFO org.springframework.data.repository.config.RepositoryConfigurationDelegate [restartedMain] Finished Spring Data repository scanning in 1039ms. Found 3 JPA repository interfaces.
2021-08-14 15:56:46,794 INFO org.springframework.cloud.context.scope.GenericScope [restartedMain] BeanFactory id=5c96c57c-2c11-3df4-a1b3-5bf00eef1793
2021-08-14 15:56:49,874 INFO org.springframework.context.support.PostProcessorRegistrationDelegate$BeanPostProcessorChecker [restartedMain] Bean 'org.springframework.transaction.annotation.ProxyTransactionManagementConfiguration' of type [org.springframework.transaction.annotation.ProxyTransactionManagementConfiguration] is not eligible for getting processed by all BeanPostProcessors (for example: not eligible for auto-proxying)
2021-08-14 15:56:55,320 INFO org.springframework.boot.web.embedded.tomcat.TomcatWebServer [restartedMain] Tomcat initialized with port(s): 8080 (http)
2021-08-14 15:56:55,479 INFO org.apache.coyote.http11.Http11NioProtocol [restartedMain] Initializing ProtocolHandler ["http-nio-8080"]
2021-08-14 15:56:55,480 INFO org.apache.catalina.core.StandardService [restartedMain] Starting service [Tomcat]
2021-08-14 15:56:55,481 INFO org.apache.catalina.core.StandardEngine [restartedMain] Starting Servlet engine: [Apache Tomcat/9.0.30]
2021-08-14 15:56:58,080 INFO org.apache.catalina.core.ContainerBase.[Tomcat].[localhost].[/] [restartedMain] Initializing Spring embedded WebApplicationContext
2021-08-14 15:56:58,081 INFO org.springframework.web.context.ContextLoader [restartedMain] Root WebApplicationContext: initialization completed in 30706 ms
2021-08-14 15:56:58,153 INFO com.zaxxer.hikari.HikariDataSource [restartedMain] HikariPool-1 - Starting...
2021-08-14 15:56:58,666 INFO com.zaxxer.hikari.HikariDataSource [restartedMain] HikariPool-1 - Start completed.
2021-08-14 15:56:58,676 INFO org.springframework.boot.autoconfigure.h2.H2ConsoleAutoConfiguration [restartedMain] H2 console available at '/h2'. Database available at 'jdbc:h2:file:~/challenge'
2021-08-14 15:57:02,236 INFO org.hibernate.jpa.internal.util.LogHelper [restartedMain] HHH000204: Processing PersistenceUnitInfo [name: default]
2021-08-14 15:57:04,604 INFO org.hibernate.Version [restartedMain] HHH000412: Hibernate Core {5.4.10.Final}
2021-08-14 15:57:12,538 INFO org.hibernate.annotations.common.Version [restartedMain] HCANN000001: Hibernate Commons Annotations {5.1.0.Final}
2021-08-14 15:57:15,072 INFO org.hibernate.dialect.Dialect [restartedMain] HHH000400: Using dialect: org.hibernate.dialect.H2Dialect
2021-08-14 15:57:31,934 INFO org.hibernate.tool.schema.internal.SchemaCreatorImpl [restartedMain] HHH000476: Executing import script 'file:/C:/Users/larif/Documents/GitHub/challenge-api/target/classes/import.sql'
2021-08-14 15:57:31,942 INFO org.hibernate.engine.transaction.jta.platform.internal.JtaPlatformInitiator [restartedMain] HHH000490: Using JtaPlatform implementation: [org.hibernate.engine.transaction.jta.platform.internal.NoJtaPlatform]
2021-08-14 15:57:32,331 INFO org.springframework.orm.jpa.LocalContainerEntityManagerFactoryBean [restartedMain] Initialized JPA EntityManagerFactory for persistence unit 'default'
2021-08-14 15:57:32,425 INFO org.springframework.boot.devtools.autoconfigure.OptionalLiveReloadServer [restartedMain] LiveReload server is running on port 35729
2021-08-14 15:57:35,035 WARN org.springframework.boot.autoconfigure.orm.jpa.JpaBaseConfiguration$JpaWebConfiguration [restartedMain] spring.jpa.open-in-view is enabled by default. Therefore, database queries may be performed during view rendering. Explicitly configure spring.jpa.open-in-view to disable this warning
2021-08-14 15:57:35,633 WARN org.springframework.cloud.netflix.archaius.ArchaiusAutoConfiguration [restartedMain] No spring.application.name found, defaulting to 'application'
2021-08-14 15:57:35,639 WARN com.netflix.config.sources.URLConfigurationSource [restartedMain] No URLs will be polled as dynamic configuration sources.
2021-08-14 15:57:35,639 INFO com.netflix.config.sources.URLConfigurationSource [restartedMain] To enable URLs as dynamic configuration sources, define System property archaius.configurationSource.additionalUrls or make config.properties available on classpath.
2021-08-14 15:57:35,648 WARN com.netflix.config.sources.URLConfigurationSource [restartedMain] No URLs will be polled as dynamic configuration sources.
2021-08-14 15:57:35,648 INFO com.netflix.config.sources.URLConfigurationSource [restartedMain] To enable URLs as dynamic configuration sources, define System property archaius.configurationSource.additionalUrls or make config.properties available on classpath.
2021-08-14 15:57:35,823 INFO org.springframework.scheduling.concurrent.ThreadPoolTaskExecutor [restartedMain] Initializing ExecutorService 'applicationTaskExecutor'
2021-08-14 15:57:36,012 WARN org.springframework.boot.autoconfigure.thymeleaf.ThymeleafAutoConfiguration$DefaultTemplateResolverConfiguration [restartedMain] Cannot find template location: classpath:/templates/ (please add some templates or check your Thymeleaf configuration)
2021-08-14 15:57:36,856 INFO org.apache.coyote.http11.Http11NioProtocol [restartedMain] Starting ProtocolHandler ["http-nio-8080"]
2021-08-14 15:57:37,000 INFO org.springframework.boot.web.embedded.tomcat.TomcatWebServer [restartedMain] Tomcat started on port(s): 8080 (http) with context path ''
2021-08-14 15:57:37,223 INFO com.example.demo.ChallengeApiApplication [restartedMain] Started ChallengeApiApplication in 71.896 seconds (JVM running for 75.625)
2021-08-14 15:58:04,328 INFO org.apache.catalina.core.ContainerBase.[Tomcat].[localhost].[/] [http-nio-8080-exec-2] Initializing Spring DispatcherServlet 'dispatcherServlet'
2021-08-14 15:58:04,328 INFO org.springframework.web.servlet.DispatcherServlet [http-nio-8080-exec-2] Initializing Servlet 'dispatcherServlet'
2021-08-14 15:58:04,343 INFO org.springframework.web.servlet.DispatcherServlet [http-nio-8080-exec-2] Completed initialization in 14 ms
2021-08-14 15:58:05,048 INFO com.example.demo.service.SessionOpenService [http-nio-8080-exec-2] Session opened successfully.
2021-08-14 15:58:46,376 ERROR com.example.demo.config.ChallengeExceptionConfig [http-nio-8080-exec-3] Answer information is required.
2021-08-14 15:58:46,382 WARN org.springframework.web.servlet.mvc.method.annotation.ExceptionHandlerExceptionResolver [http-nio-8080-exec-3] Resolved [ChallengeException(message=Answer information is required.)]
2021-08-14 15:59:28,317 ERROR com.example.demo.config.ChallengeExceptionConfig [http-nio-8080-exec-5] Invalid vote! Use 'Y' for yes or 'N' for no.
2021-08-14 15:59:28,320 WARN org.springframework.web.servlet.mvc.method.annotation.ExceptionHandlerExceptionResolver [http-nio-8080-exec-5] Resolved [ChallengeException(message=Invalid vote! Use 'Y' for yes or 'N' for no.)]
2021-08-14 15:59:48,174 WARN org.springframework.web.servlet.mvc.support.DefaultHandlerExceptionResolver [http-nio-8080-exec-7] Resolved [org.springframework.http.converter.HttpMessageNotReadableException: JSON parse error: Unexpected character (',' (code 44)): expected a value; nested exception is com.fasterxml.jackson.core.JsonParseException: Unexpected character (',' (code 44)): expected a value
 at [Source: (PushbackInputStream); line: 3, column: 16]]
2021-08-14 16:00:00,761 ERROR com.example.demo.config.ChallengeExceptionConfig [http-nio-8080-exec-9] Answer information is required.
2021-08-14 16:00:00,762 WARN org.springframework.web.servlet.mvc.method.annotation.ExceptionHandlerExceptionResolver [http-nio-8080-exec-9] Resolved [ChallengeException(message=Answer information is required.)]
2021-08-14 16:00:33,357 INFO org.springframework.boot.admin.SpringApplicationAdminMXBeanRegistrar$SpringApplicationAdmin [RMI TCP Connection(10)-127.0.0.1] Application shutdown requested.
2021-08-14 16:00:33,364 INFO org.springframework.scheduling.concurrent.ThreadPoolTaskExecutor [RMI TCP Connection(10)-127.0.0.1] Shutting down ExecutorService 'applicationTaskExecutor'
2021-08-14 16:00:33,378 INFO org.springframework.orm.jpa.LocalContainerEntityManagerFactoryBean [RMI TCP Connection(10)-127.0.0.1] Closing JPA EntityManagerFactory for persistence unit 'default'
2021-08-14 16:00:33,379 INFO org.hibernate.tool.schema.internal.SchemaDropperImpl$DelayedDropActionImpl [RMI TCP Connection(10)-127.0.0.1] HHH000477: Starting delayed evictData of schema as part of SessionFactory shut-down'
2021-08-14 16:00:33,405 INFO com.zaxxer.hikari.HikariDataSource [RMI TCP Connection(10)-127.0.0.1] HikariPool-1 - Shutdown initiated...
2021-08-14 16:00:34,098 INFO com.zaxxer.hikari.HikariDataSource [RMI TCP Connection(10)-127.0.0.1] HikariPool-1 - Shutdown completed.
2021-08-14 16:00:34,100 INFO org.apache.coyote.http11.Http11NioProtocol [RMI TCP Connection(10)-127.0.0.1] Pausing ProtocolHandler ["http-nio-8080"]
2021-08-14 16:00:34,155 INFO org.apache.catalina.core.StandardService [RMI TCP Connection(10)-127.0.0.1] Stopping service [Tomcat]
2021-08-14 16:00:34,157 INFO org.apache.catalina.core.ContainerBase.[Tomcat].[localhost].[/] [RMI TCP Connection(10)-127.0.0.1] Destroying Spring FrameworkServlet 'dispatcherServlet'
2021-08-14 16:00:34,162 INFO org.apache.coyote.http11.Http11NioProtocol [RMI TCP Connection(10)-127.0.0.1] Stopping ProtocolHandler ["http-nio-8080"]
2021-08-14 16:00:34,166 INFO org.apache.coyote.http11.Http11NioProtocol [RMI TCP Connection(10)-127.0.0.1] Destroying ProtocolHandler ["http-nio-8080"]
2021-08-14 16:05:58,989 INFO org.springframework.boot.test.context.SpringBootTestContextBootstrapper [main] Neither @ContextConfiguration nor @ContextHierarchy found for test class [com.example.demo.ChallengeApiApplicationTests], using SpringBootContextLoader
2021-08-14 16:05:59,003 INFO org.springframework.test.context.support.AbstractContextLoader [main] Could not detect default resource locations for test class [com.example.demo.ChallengeApiApplicationTests]: no resource found for suffixes {-context.xml, Context.groovy}.
2021-08-14 16:05:59,005 INFO org.springframework.test.context.support.AnnotationConfigContextLoaderUtils [main] Could not detect default configuration classes for test class [com.example.demo.ChallengeApiApplicationTests]: ChallengeApiApplicationTests does not declare any static, non-private, non-final, nested classes annotated with @Configuration.
2021-08-14 16:05:59,224 INFO org.springframework.boot.test.context.SpringBootTestContextBootstrapper [main] Found @SpringBootConfiguration com.example.demo.ChallengeApiApplication for test class com.example.demo.ChallengeApiApplicationTests
2021-08-14 16:05:59,492 INFO org.springframework.boot.test.context.SpringBootTestContextBootstrapper [main] Loaded default TestExecutionListener class names from location [META-INF/spring.factories]: [org.springframework.boot.test.mock.mockito.MockitoTestExecutionListener, org.springframework.boot.test.mock.mockito.ResetMocksTestExecutionListener, org.springframework.boot.test.autoconfigure.restdocs.RestDocsTestExecutionListener, org.springframework.boot.test.autoconfigure.web.client.MockRestServiceServerResetTestExecutionListener, org.springframework.boot.test.autoconfigure.web.servlet.MockMvcPrintOnlyOnFailureTestExecutionListener, org.springframework.boot.test.autoconfigure.web.servlet.WebDriverTestExecutionListener, org.springframework.test.context.web.ServletTestExecutionListener, org.springframework.test.context.support.DirtiesContextBeforeModesTestExecutionListener, org.springframework.test.context.support.DependencyInjectionTestExecutionListener, org.springframework.test.context.support.DirtiesContextTestExecutionListener, org.springframework.test.context.transaction.TransactionalTestExecutionListener, org.springframework.test.context.jdbc.SqlScriptsTestExecutionListener, org.springframework.test.context.event.EventPublishingTestExecutionListener]
2021-08-14 16:05:59,562 INFO org.springframework.boot.test.context.SpringBootTestContextBootstrapper [main] Using TestExecutionListeners: [org.springframework.test.context.web.ServletTestExecutionListener@6c451c9c, org.springframework.test.context.support.DirtiesContextBeforeModesTestExecutionListener@31c269fd, org.springframework.boot.test.mock.mockito.MockitoTestExecutionListener@372b0d86, org.springframework.boot.test.autoconfigure.SpringBootDependencyInjectionTestExecutionListener@47747fb9, org.springframework.test.context.support.DirtiesContextTestExecutionListener@3113a37, org.springframework.test.context.transaction.TransactionalTestExecutionListener@213e3629, org.springframework.test.context.jdbc.SqlScriptsTestExecutionListener@4e9658b5, org.springframework.test.context.event.EventPublishingTestExecutionListener@2a7b6f69, org.springframework.boot.test.mock.mockito.ResetMocksTestExecutionListener@20312893, org.springframework.boot.test.autoconfigure.restdocs.RestDocsTestExecutionListener@70eecdc2, org.springframework.boot.test.autoconfigure.web.client.MockRestServiceServerResetTestExecutionListener@c41709a, org.springframework.boot.test.autoconfigure.web.servlet.MockMvcPrintOnlyOnFailureTestExecutionListener@7db0565c, org.springframework.boot.test.autoconfigure.web.servlet.WebDriverTestExecutionListener@54ec8cc9]
2021-08-14 16:06:01,779 INFO com.example.demo.ChallengeApiApplicationTests [main] No active profile set, falling back to default profiles: default
2021-08-14 16:06:04,505 INFO org.springframework.data.repository.config.RepositoryConfigurationDelegate [main] Bootstrapping Spring Data JPA repositories in DEFAULT mode.
2021-08-14 16:06:04,755 INFO org.springframework.data.repository.config.RepositoryConfigurationDelegate [main] Finished Spring Data repository scanning in 226ms. Found 3 JPA repository interfaces.
2021-08-14 16:06:05,492 INFO org.springframework.cloud.context.scope.GenericScope [main] BeanFactory id=53774fdc-730b-3cdd-b565-2a4e482440b8
2021-08-14 16:06:05,776 INFO org.springframework.context.support.PostProcessorRegistrationDelegate$BeanPostProcessorChecker [main] Bean 'com.example.demo.client.CPFClient' of type [org.springframework.cloud.openfeign.FeignClientFactoryBean] is not eligible for getting processed by all BeanPostProcessors (for example: not eligible for auto-proxying)
2021-08-14 16:06:06,014 INFO org.springframework.context.support.PostProcessorRegistrationDelegate$BeanPostProcessorChecker [main] Bean 'org.springframework.transaction.annotation.ProxyTransactionManagementConfiguration' of type [org.springframework.transaction.annotation.ProxyTransactionManagementConfiguration] is not eligible for getting processed by all BeanPostProcessors (for example: not eligible for auto-proxying)
2021-08-14 16:06:06,643 INFO org.hibernate.jpa.internal.util.LogHelper [main] HHH000204: Processing PersistenceUnitInfo [name: default]
2021-08-14 16:06:06,829 INFO org.hibernate.Version [main] HHH000412: Hibernate Core {5.4.10.Final}
2021-08-14 16:06:07,094 INFO org.hibernate.annotations.common.Version [main] HCANN000001: Hibernate Commons Annotations {5.1.0.Final}
2021-08-14 16:06:07,483 INFO com.zaxxer.hikari.HikariDataSource [main] HikariPool-1 - Starting...
2021-08-14 16:06:07,915 INFO com.zaxxer.hikari.HikariDataSource [main] HikariPool-1 - Start completed.
2021-08-14 16:06:07,978 INFO org.hibernate.dialect.Dialect [main] HHH000400: Using dialect: org.hibernate.dialect.H2Dialect
2021-08-14 16:06:09,513 INFO org.hibernate.tool.schema.internal.SchemaCreatorImpl [main] HHH000476: Executing import script 'file:/C:/Users/larif/Documents/GitHub/challenge-api/target/classes/import.sql'
2021-08-14 16:06:09,521 INFO org.hibernate.engine.transaction.jta.platform.internal.JtaPlatformInitiator [main] HHH000490: Using JtaPlatform implementation: [org.hibernate.engine.transaction.jta.platform.internal.NoJtaPlatform]
2021-08-14 16:06:09,531 INFO org.springframework.orm.jpa.LocalContainerEntityManagerFactoryBean [main] Initialized JPA EntityManagerFactory for persistence unit 'default'
2021-08-14 16:06:10,864 WARN org.springframework.boot.autoconfigure.orm.jpa.JpaBaseConfiguration$JpaWebConfiguration [main] spring.jpa.open-in-view is enabled by default. Therefore, database queries may be performed during view rendering. Explicitly configure spring.jpa.open-in-view to disable this warning
2021-08-14 16:06:12,861 WARN org.springframework.cloud.netflix.archaius.ArchaiusAutoConfiguration [main] No spring.application.name found, defaulting to 'application'
2021-08-14 16:06:12,870 WARN com.netflix.config.sources.URLConfigurationSource [main] No URLs will be polled as dynamic configuration sources.
2021-08-14 16:06:12,871 INFO com.netflix.config.sources.URLConfigurationSource [main] To enable URLs as dynamic configuration sources, define System property archaius.configurationSource.additionalUrls or make config.properties available on classpath.
2021-08-14 16:06:12,885 WARN com.netflix.config.sources.URLConfigurationSource [main] No URLs will be polled as dynamic configuration sources.
2021-08-14 16:06:12,886 INFO com.netflix.config.sources.URLConfigurationSource [main] To enable URLs as dynamic configuration sources, define System property archaius.configurationSource.additionalUrls or make config.properties available on classpath.
2021-08-14 16:06:13,910 INFO org.springframework.scheduling.concurrent.ThreadPoolTaskExecutor [main] Initializing ExecutorService 'applicationTaskExecutor'
2021-08-14 16:06:14,626 WARN org.springframework.boot.autoconfigure.thymeleaf.ThymeleafAutoConfiguration$DefaultTemplateResolverConfiguration [main] Cannot find template location: classpath:/templates/ (please add some templates or check your Thymeleaf configuration)
2021-08-14 16:06:14,933 INFO org.springframework.boot.autoconfigure.h2.H2ConsoleAutoConfiguration [main] H2 console available at '/h2'. Database available at 'jdbc:h2:file:~/challenge'
2021-08-14 16:06:16,443 INFO com.example.demo.ChallengeApiApplicationTests [main] Started ChallengeApiApplicationTests in 16.784 seconds (JVM running for 21.52)
2021-08-14 16:06:20,996 INFO com.example.demo.service.VoteVotingService [main] Vote successfully counted.
2021-08-14 16:06:21,061 INFO com.example.demo.service.SessionOpenService [main] Session opened successfully.
2021-08-14 16:06:21,064 INFO com.example.demo.service.SessionOpenService [main] Session opened successfully.
2021-08-14 16:06:21,081 INFO com.example.demo.service.VoteResultService [main] Voting result calculated successfully.
2021-08-14 16:06:21,097 INFO com.example.demo.service.AgendaAddService [main] Agenda created successfully.
2021-08-14 16:06:21,121 INFO org.springframework.scheduling.concurrent.ThreadPoolTaskExecutor [SpringContextShutdownHook] Shutting down ExecutorService 'applicationTaskExecutor'
2021-08-14 16:06:21,132 INFO org.springframework.orm.jpa.LocalContainerEntityManagerFactoryBean [SpringContextShutdownHook] Closing JPA EntityManagerFactory for persistence unit 'default'
2021-08-14 16:06:21,133 INFO org.hibernate.tool.schema.internal.SchemaDropperImpl$DelayedDropActionImpl [SpringContextShutdownHook] HHH000477: Starting delayed evictData of schema as part of SessionFactory shut-down'
2021-08-14 16:06:22,078 INFO com.zaxxer.hikari.HikariDataSource [SpringContextShutdownHook] HikariPool-1 - Shutdown initiated...
2021-08-14 16:06:22,693 INFO com.zaxxer.hikari.HikariDataSource [SpringContextShutdownHook] HikariPool-1 - Shutdown completed.
2021-08-14 16:07:12,657 INFO org.springframework.boot.devtools.restart.ChangeableUrls [restartedMain] The Class-Path manifest attribute in C:\Users\larif\.m2\repository\org\glassfish\jaxb\jaxb-runtime\2.3.2\jaxb-runtime-2.3.2.jar referenced one or more files that do not exist: file:/C:/Users/larif/.m2/repository/org/glassfish/jaxb/jaxb-runtime/2.3.2/jakarta.xml.bind-api-2.3.2.jar,file:/C:/Users/larif/.m2/repository/org/glassfish/jaxb/jaxb-runtime/2.3.2/txw2-2.3.2.jar,file:/C:/Users/larif/.m2/repository/org/glassfish/jaxb/jaxb-runtime/2.3.2/istack-commons-runtime-3.0.8.jar,file:/C:/Users/larif/.m2/repository/org/glassfish/jaxb/jaxb-runtime/2.3.2/stax-ex-1.8.1.jar,file:/C:/Users/larif/.m2/repository/org/glassfish/jaxb/jaxb-runtime/2.3.2/FastInfoset-1.2.16.jar,file:/C:/Users/larif/.m2/repository/org/glassfish/jaxb/jaxb-runtime/2.3.2/jakarta.activation-api-1.2.1.jar
2021-08-14 16:07:12,661 INFO org.springframework.boot.devtools.env.DevToolsPropertyDefaultsPostProcessor [restartedMain] Devtools property defaults active! Set 'spring.devtools.add-properties' to 'false' to disable
2021-08-14 16:07:13,497 INFO com.example.demo.ChallengeApiApplication [restartedMain] No active profile set, falling back to default profiles: default
2021-08-14 16:07:15,203 INFO org.springframework.data.repository.config.RepositoryConfigurationDelegate [restartedMain] Bootstrapping Spring Data JPA repositories in DEFAULT mode.
2021-08-14 16:07:15,343 INFO org.springframework.data.repository.config.RepositoryConfigurationDelegate [restartedMain] Finished Spring Data repository scanning in 130ms. Found 3 JPA repository interfaces.
2021-08-14 16:07:15,762 INFO org.springframework.cloud.context.scope.GenericScope [restartedMain] BeanFactory id=5c96c57c-2c11-3df4-a1b3-5bf00eef1793
2021-08-14 16:07:16,008 INFO org.springframework.context.support.PostProcessorRegistrationDelegate$BeanPostProcessorChecker [restartedMain] Bean 'org.springframework.transaction.annotation.ProxyTransactionManagementConfiguration' of type [org.springframework.transaction.annotation.ProxyTransactionManagementConfiguration] is not eligible for getting processed by all BeanPostProcessors (for example: not eligible for auto-proxying)
2021-08-14 16:07:16,772 INFO org.springframework.boot.web.embedded.tomcat.TomcatWebServer [restartedMain] Tomcat initialized with port(s): 8080 (http)
2021-08-14 16:07:16,788 INFO org.apache.coyote.http11.Http11NioProtocol [restartedMain] Initializing ProtocolHandler ["http-nio-8080"]
2021-08-14 16:07:16,788 INFO org.apache.catalina.core.StandardService [restartedMain] Starting service [Tomcat]
2021-08-14 16:07:16,789 INFO org.apache.catalina.core.StandardEngine [restartedMain] Starting Servlet engine: [Apache Tomcat/9.0.30]
2021-08-14 16:07:17,041 INFO org.apache.catalina.core.ContainerBase.[Tomcat].[localhost].[/] [restartedMain] Initializing Spring embedded WebApplicationContext
2021-08-14 16:07:17,042 INFO org.springframework.web.context.ContextLoader [restartedMain] Root WebApplicationContext: initialization completed in 3456 ms
2021-08-14 16:07:17,104 INFO com.zaxxer.hikari.HikariDataSource [restartedMain] HikariPool-1 - Starting...
2021-08-14 16:07:17,375 INFO com.zaxxer.hikari.HikariDataSource [restartedMain] HikariPool-1 - Start completed.
2021-08-14 16:07:17,385 INFO org.springframework.boot.autoconfigure.h2.H2ConsoleAutoConfiguration [restartedMain] H2 console available at '/h2'. Database available at 'jdbc:h2:file:~/challenge'
2021-08-14 16:07:17,599 INFO org.hibernate.jpa.internal.util.LogHelper [restartedMain] HHH000204: Processing PersistenceUnitInfo [name: default]
2021-08-14 16:07:17,708 INFO org.hibernate.Version [restartedMain] HHH000412: Hibernate Core {5.4.10.Final}
2021-08-14 16:07:17,905 INFO org.hibernate.annotations.common.Version [restartedMain] HCANN000001: Hibernate Commons Annotations {5.1.0.Final}
2021-08-14 16:07:18,085 INFO org.hibernate.dialect.Dialect [restartedMain] HHH000400: Using dialect: org.hibernate.dialect.H2Dialect
2021-08-14 16:07:19,165 INFO org.hibernate.tool.schema.internal.SchemaCreatorImpl [restartedMain] HHH000476: Executing import script 'file:/C:/Users/larif/Documents/GitHub/challenge-api/target/classes/import.sql'
2021-08-14 16:07:19,170 INFO org.hibernate.engine.transaction.jta.platform.internal.JtaPlatformInitiator [restartedMain] HHH000490: Using JtaPlatform implementation: [org.hibernate.engine.transaction.jta.platform.internal.NoJtaPlatform]
2021-08-14 16:07:19,180 INFO org.springframework.orm.jpa.LocalContainerEntityManagerFactoryBean [restartedMain] Initialized JPA EntityManagerFactory for persistence unit 'default'
2021-08-14 16:07:19,242 INFO org.springframework.boot.devtools.autoconfigure.OptionalLiveReloadServer [restartedMain] LiveReload server is running on port 35729
2021-08-14 16:07:20,019 WARN org.springframework.boot.autoconfigure.orm.jpa.JpaBaseConfiguration$JpaWebConfiguration [restartedMain] spring.jpa.open-in-view is enabled by default. Therefore, database queries may be performed during view rendering. Explicitly configure spring.jpa.open-in-view to disable this warning
2021-08-14 16:07:20,554 WARN org.springframework.cloud.netflix.archaius.ArchaiusAutoConfiguration [restartedMain] No spring.application.name found, defaulting to 'application'
2021-08-14 16:07:20,561 WARN com.netflix.config.sources.URLConfigurationSource [restartedMain] No URLs will be polled as dynamic configuration sources.
2021-08-14 16:07:20,561 INFO com.netflix.config.sources.URLConfigurationSource [restartedMain] To enable URLs as dynamic configuration sources, define System property archaius.configurationSource.additionalUrls or make config.properties available on classpath.
2021-08-14 16:07:20,569 WARN com.netflix.config.sources.URLConfigurationSource [restartedMain] No URLs will be polled as dynamic configuration sources.
2021-08-14 16:07:20,569 INFO com.netflix.config.sources.URLConfigurationSource [restartedMain] To enable URLs as dynamic configuration sources, define System property archaius.configurationSource.additionalUrls or make config.properties available on classpath.
2021-08-14 16:07:20,757 INFO org.springframework.scheduling.concurrent.ThreadPoolTaskExecutor [restartedMain] Initializing ExecutorService 'applicationTaskExecutor'
2021-08-14 16:07:20,908 WARN org.springframework.boot.autoconfigure.thymeleaf.ThymeleafAutoConfiguration$DefaultTemplateResolverConfiguration [restartedMain] Cannot find template location: classpath:/templates/ (please add some templates or check your Thymeleaf configuration)
2021-08-14 16:07:21,776 INFO org.apache.coyote.http11.Http11NioProtocol [restartedMain] Starting ProtocolHandler ["http-nio-8080"]
2021-08-14 16:07:21,818 INFO org.springframework.boot.web.embedded.tomcat.TomcatWebServer [restartedMain] Tomcat started on port(s): 8080 (http) with context path ''
2021-08-14 16:07:22,033 INFO com.example.demo.ChallengeApiApplication [restartedMain] Started ChallengeApiApplication in 10.223 seconds (JVM running for 11.964)
2021-08-14 16:09:03,359 INFO org.apache.catalina.core.ContainerBase.[Tomcat].[localhost].[/] [http-nio-8080-exec-2] Initializing Spring DispatcherServlet 'dispatcherServlet'
2021-08-14 16:09:03,360 INFO org.springframework.web.servlet.DispatcherServlet [http-nio-8080-exec-2] Initializing Servlet 'dispatcherServlet'
2021-08-14 16:09:03,374 INFO org.springframework.web.servlet.DispatcherServlet [http-nio-8080-exec-2] Completed initialization in 14 ms
2021-08-14 16:09:04,068 INFO com.example.demo.service.AgendaAddService [http-nio-8080-exec-2] Agenda created successfully.
2021-08-14 16:10:15,725 INFO com.example.demo.service.SessionOpenService [http-nio-8080-exec-5] Session opened successfully.
2021-08-14 16:10:30,880 ERROR com.example.demo.config.ChallengeExceptionConfig [http-nio-8080-exec-6] There's already an open session for the informed agenda.
2021-08-14 16:10:30,884 WARN org.springframework.web.servlet.mvc.method.annotation.ExceptionHandlerExceptionResolver [http-nio-8080-exec-6] Resolved [ChallengeException(message=There's already an open session for the informed agenda.)]
2021-08-14 16:10:36,758 INFO com.example.demo.service.SessionOpenService [http-nio-8080-exec-8] Session opened successfully.
2021-08-14 16:10:55,052 ERROR com.example.demo.config.ChallengeExceptionConfig [http-nio-8080-exec-9] Associate cannot vote.
2021-08-14 16:10:55,054 WARN org.springframework.web.servlet.mvc.method.annotation.ExceptionHandlerExceptionResolver [http-nio-8080-exec-9] Resolved [ChallengeException(message=Associate cannot vote.)]
2021-08-14 16:10:58,316 ERROR com.example.demo.config.ChallengeExceptionConfig [http-nio-8080-exec-1] Associate cannot vote.
2021-08-14 16:10:58,319 WARN org.springframework.web.servlet.mvc.method.annotation.ExceptionHandlerExceptionResolver [http-nio-8080-exec-1] Resolved [ChallengeException(message=Associate cannot vote.)]
2021-08-14 16:11:01,022 INFO com.example.demo.service.VoteVotingService [http-nio-8080-exec-2] Vote successfully counted.
2021-08-14 16:11:10,777 INFO com.example.demo.service.VoteVotingService [http-nio-8080-exec-4] Vote successfully counted.
2021-08-14 16:11:38,383 ERROR com.example.demo.config.ChallengeExceptionConfig [http-nio-8080-exec-5] Voting session is still open.
2021-08-14 16:11:38,386 WARN org.springframework.web.servlet.mvc.method.annotation.ExceptionHandlerExceptionResolver [http-nio-8080-exec-5] Resolved [ChallengeException(message=Voting session is still open.)]
2021-08-14 16:12:08,116 INFO com.example.demo.service.VoteResultService [http-nio-8080-exec-7] Voting result calculated successfully.
2021-08-14 16:13:22,493 INFO org.springframework.boot.admin.SpringApplicationAdminMXBeanRegistrar$SpringApplicationAdmin [RMI TCP Connection(13)-127.0.0.1] Application shutdown requested.
2021-08-14 16:13:22,499 INFO org.springframework.scheduling.concurrent.ThreadPoolTaskExecutor [RMI TCP Connection(13)-127.0.0.1] Shutting down ExecutorService 'applicationTaskExecutor'
2021-08-14 16:13:22,512 INFO org.springframework.orm.jpa.LocalContainerEntityManagerFactoryBean [RMI TCP Connection(13)-127.0.0.1] Closing JPA EntityManagerFactory for persistence unit 'default'
2021-08-14 16:13:22,513 INFO org.hibernate.tool.schema.internal.SchemaDropperImpl$DelayedDropActionImpl [RMI TCP Connection(13)-127.0.0.1] HHH000477: Starting delayed evictData of schema as part of SessionFactory shut-down'
2021-08-14 16:13:22,529 INFO com.zaxxer.hikari.HikariDataSource [RMI TCP Connection(13)-127.0.0.1] HikariPool-1 - Shutdown initiated...
2021-08-14 16:13:23,423 INFO com.zaxxer.hikari.HikariDataSource [RMI TCP Connection(13)-127.0.0.1] HikariPool-1 - Shutdown completed.
2021-08-14 16:13:23,425 INFO org.apache.coyote.http11.Http11NioProtocol [RMI TCP Connection(13)-127.0.0.1] Pausing ProtocolHandler ["http-nio-8080"]
2021-08-14 16:13:23,464 INFO org.apache.catalina.core.StandardService [RMI TCP Connection(13)-127.0.0.1] Stopping service [Tomcat]
2021-08-14 16:13:23,469 INFO org.apache.catalina.core.ContainerBase.[Tomcat].[localhost].[/] [RMI TCP Connection(13)-127.0.0.1] Destroying Spring FrameworkServlet 'dispatcherServlet'
2021-08-14 16:13:23,482 INFO org.apache.coyote.http11.Http11NioProtocol [RMI TCP Connection(13)-127.0.0.1] Stopping ProtocolHandler ["http-nio-8080"]
2021-08-14 16:13:23,502 INFO org.apache.coyote.http11.Http11NioProtocol [RMI TCP Connection(13)-127.0.0.1] Destroying ProtocolHandler ["http-nio-8080"]
